INFO:sim:172 - Generating IP...
Resolving generics for 'VGAClock'...
Applying external generics to 'VGAClock'...
Delivering associated files for 'VGAClock'...
WARNING:sim - Component clk_wiz_v3_6 does not have a valid model name for VHDL
   synthesis
Delivering EJava files for 'VGAClock'...
Delivered 3 files into directory
C:/Users/kosak/git/life/hacks/fpga/LineAnimation/source/ipcore_dir/tmp/_cg/VGACl
ock
Delivered 1 file into directory
C:/Users/kosak/git/life/hacks/fpga/LineAnimation/source/ipcore_dir/tmp/_cg/VGACl
ock
Generating ASY schematic symbol...
Loading device for application Rf_Device from file '6slx9.nph' in environment
C:\Xilinx\14.6\ISE_DS\ISE\.
INFO:sim:949 - Finished generation of ASY schematic symbol.
Generating SYM schematic symbol for 'VGAClock'...
Generating ISE project...
XCO file found: VGAClock.xco
XMDF file found: VGAClock_xmdf.tcl
Adding
C:/Users/kosak/git/life/hacks/fpga/LineAnimation/source/ipcore_dir/tmp/_cg/VGACl
ock.asy -view all -origin_type imported
Adding
C:/Users/kosak/git/life/hacks/fpga/LineAnimation/source/ipcore_dir/tmp/_cg/VGACl
ock.ucf -view all -origin_type created
Adding
C:/Users/kosak/git/life/hacks/fpga/LineAnimation/source/ipcore_dir/tmp/_cg/VGACl
ock.vhd -view all -origin_type created
INFO:HDLCompiler:1061 - Parsing VHDL file
   "C:/Users/kosak/git/life/hacks/fpga/LineAnimation/source/ipcore_dir/tmp/_cg/V
   GAClock.vhd" into library work
INFO:ProjectMgmt - Parsing design hierarchy completed successfully.
Adding
C:/Users/kosak/git/life/hacks/fpga/LineAnimation/source/ipcore_dir/tmp/_cg/VGACl
ock.vho -view all -origin_type imported
INFO:TclTasksC:2116 - The automatic calculation of top has been turned-off.
   Please set the new top explicitly by running the "project set top" command.
   To re-calculate the new top automatically, set the "Auto Implementation Top"
   property to true.
Top level has been set to "/VGAClock"
Generating README file...
Generating FLIST file...
INFO:sim:948 - Finished FLIST file generation.
Launching README viewer...
Moving files to output directory...
Finished moving files to output directory
Wrote CGP file for project 'VGAClock'.
